<?xml version="1.0" encoding="utf-8"?><testsuites name="pytest tests"><testsuite name="pytest" errors="0" failures="0" skipped="0" tests="22" time="4.548" timestamp="2026-04-23T17:06:30.989699+00:00" hostname="agent-env-91a9b0b9-9570-4b0b-98e9-7ea57b86d9b6"><testcase classname="backend.tests.backend_test.TestAuth" name="test_login_success_and_cookies" time="0.444" /><testcase classname="backend.tests.backend_test.TestAuth" name="test_auth_me" time="0.409" /><testcase classname="backend.tests.backend_test.TestAuth" name="test_refresh_token" time="0.059" /><testcase classname="backend.tests.backend_test.TestAuth" name="test_login_invalid_password_returns_401" time="0.149" /><testcase classname="backend.tests.backend_test.TestAuth" name="test_bruteforce_lockout_429" time="0.525" /><testcase classname="backend.tests.backend_test.TestAuth" name="test_logout_clears_cookies" time="0.441" /><testcase classname="backend.tests.backend_test.TestVisitorsCRUD" name="test_create_list_get_update_delete" time="0.340" /><testcase classname="backend.tests.backend_test.TestFleetCRUD" name="test_create_return_list_delete" time="0.266" /><testcase classname="backend.tests.backend_test.TestFleetCRUD" name="test_fleet_km_saida_empty_string_rejected" time="0.047" /><testcase classname="backend.tests.backend_test.TestEmployeesCRUD" name="test_crud" time="0.227" /><testcase classname="backend.tests.backend_test.TestDirectorsCRUD" name="test_crud" time="0.213" /><testcase classname="backend.tests.backend_test.TestCarregamentosCRUD" name="test_crud" time="0.207" /><testcase classname="backend.tests.backend_test.TestAgendamentos" name="test_create_list_update" time="0.203" /><testcase classname="backend.tests.backend_test.TestAgendamentos" name="test_dar_entrada_visitante" time="0.153" /><testcase classname="backend.tests.backend_test.TestAgendamentos" name="test_dar_entrada_frota_with_null_km" time="0.110" /><testcase classname="backend.tests.backend_test.TestAgendamentos" name="test_agendamento_km_saida_empty_string_rejected" time="0.049" /><testcase classname="backend.tests.backend_test.TestAgendamentos" name="test_delete_agendamento" time="0.106" /><testcase classname="backend.tests.backend_test.TestDashboardReports" name="test_dashboard" time="0.052" /><testcase classname="backend.tests.backend_test.TestDashboardReports" name="test_reports_visitors" time="0.218" /><testcase classname="backend.tests.backend_test.TestDashboardReports" name="test_history_admin_only" time="0.059" /><testcase classname="backend.tests.backend_test.TestRoles" name="test_users_endpoint_requires_admin" time="0.053" /><testcase classname="backend.tests.backend_test.TestRoles" name="test_unauthenticated_blocked" time="0.118" /></testsuite></testsuites>